{"level":"\u001b[32minfo\u001b[39m","message":"{\"method\":\"POST\",\"url\":\"/signup\",\"status\":\"200\",\"responseTime\":\"2.550\"}","timestamp":"2025-01-06T18:59:36.131Z"}
{"level":"\u001b[32minfo\u001b[39m","message":"{\"method\":\"OPTIONS\",\"url\":\"/signup\",\"status\":\"200\",\"responseTime\":\"5.927\"}","timestamp":"2025-01-06T19:13:45.303Z"}
{"level":"\u001b[32minfo\u001b[39m","message":"{\"method\":\"OPTIONS\",\"url\":\"/signup\",\"status\":\"200\",\"responseTime\":\"0.528\"}","timestamp":"2025-01-06T19:14:08.025Z"}
{"level":"\u001b[32minfo\u001b[39m","message":"{\"method\":\"OPTIONS\",\"url\":\"/signin\",\"status\":\"200\",\"responseTime\":\"0.436\"}","timestamp":"2025-01-06T19:14:19.128Z"}
{"level":"\u001b[32minfo\u001b[39m","message":"{\"method\":\"POST\",\"url\":\"/signup\",\"status\":\"200\",\"responseTime\":\"4.544\"}","timestamp":"2025-01-06T19:15:53.302Z"}
{"level":"\u001b[32minfo\u001b[39m","message":"{\"method\":\"POST\",\"url\":\"/signin\",\"status\":\"200\",\"responseTime\":\"4.327\"}","timestamp":"2025-01-06T19:16:01.413Z"}
{"level":"\u001b[32minfo\u001b[39m","message":"{\"method\":\"GET\",\"url\":\"/\",\"status\":\"200\",\"responseTime\":\"4.293\"}","timestamp":"2025-01-06T19:17:23.672Z"}
{"level":"\u001b[32minfo\u001b[39m","message":"{\"method\":\"GET\",\"url\":\"/index.js\",\"status\":\"404\",\"responseTime\":\"1.579\"}","timestamp":"2025-01-06T19:17:23.689Z"}
{"level":"\u001b[32minfo\u001b[39m","message":"{\"method\":\"GET\",\"url\":\"/favicon.ico\",\"status\":\"404\",\"responseTime\":\"0.577\"}","timestamp":"2025-01-06T19:17:24.833Z"}
{"level":"\u001b[32minfo\u001b[39m","message":"{\"method\":\"GET\",\"url\":\"/\",\"status\":\"304\",\"responseTime\":\"1.227\"}","timestamp":"2025-01-06T19:17:29.090Z"}
{"level":"\u001b[32minfo\u001b[39m","message":"{\"method\":\"GET\",\"url\":\"/index.js\",\"status\":\"404\",\"responseTime\":\"0.789\"}","timestamp":"2025-01-06T19:17:29.105Z"}
{"level":"\u001b[32minfo\u001b[39m","message":"{\"method\":\"GET\",\"url\":\"/\",\"status\":\"304\",\"responseTime\":\"0.680\"}","timestamp":"2025-01-06T19:17:41.158Z"}
{"level":"\u001b[32minfo\u001b[39m","message":"{\"method\":\"GET\",\"url\":\"/index.js\",\"status\":\"404\",\"responseTime\":\"0.566\"}","timestamp":"2025-01-06T19:17:41.175Z"}
{"level":"\u001b[32minfo\u001b[39m","message":"{\"method\":\"GET\",\"url\":\"/\",\"status\":\"304\",\"responseTime\":\"0.747\"}","timestamp":"2025-01-06T19:17:41.373Z"}
{"level":"\u001b[32minfo\u001b[39m","message":"{\"method\":\"GET\",\"url\":\"/index.js\",\"status\":\"404\",\"responseTime\":\"0.623\"}","timestamp":"2025-01-06T19:17:41.392Z"}
{"level":"\u001b[32minfo\u001b[39m","message":"{\"method\":\"GET\",\"url\":\"/\",\"status\":\"304\",\"responseTime\":\"0.795\"}","timestamp":"2025-01-06T19:17:41.588Z"}
{"level":"\u001b[32minfo\u001b[39m","message":"{\"method\":\"GET\",\"url\":\"/index.js\",\"status\":\"404\",\"responseTime\":\"0.505\"}","timestamp":"2025-01-06T19:17:41.606Z"}
{"level":"\u001b[32minfo\u001b[39m","message":"{\"method\":\"GET\",\"url\":\"/\",\"status\":\"304\",\"responseTime\":\"0.797\"}","timestamp":"2025-01-06T19:17:42.081Z"}
{"level":"\u001b[32minfo\u001b[39m","message":"{\"method\":\"GET\",\"url\":\"/index.js\",\"status\":\"404\",\"responseTime\":\"0.480\"}","timestamp":"2025-01-06T19:17:42.100Z"}
{"level":"\u001b[32minfo\u001b[39m","message":"{\"method\":\"GET\",\"url\":\"/\",\"status\":\"304\",\"responseTime\":\"0.747\"}","timestamp":"2025-01-06T19:17:42.405Z"}
{"level":"\u001b[32minfo\u001b[39m","message":"{\"method\":\"GET\",\"url\":\"/index.js\",\"status\":\"404\",\"responseTime\":\"0.463\"}","timestamp":"2025-01-06T19:17:42.420Z"}
{"level":"\u001b[32minfo\u001b[39m","message":"{\"method\":\"GET\",\"url\":\"/\",\"status\":\"304\",\"responseTime\":\"0.632\"}","timestamp":"2025-01-06T19:17:42.591Z"}
{"level":"\u001b[32minfo\u001b[39m","message":"{\"method\":\"GET\",\"url\":\"/index.js\",\"status\":\"404\",\"responseTime\":\"0.575\"}","timestamp":"2025-01-06T19:17:42.607Z"}
{"level":"\u001b[32minfo\u001b[39m","message":"{\"method\":\"GET\",\"url\":\"/\",\"status\":\"304\",\"responseTime\":\"7.970\"}","timestamp":"2025-01-06T19:18:33.591Z"}
{"level":"\u001b[32minfo\u001b[39m","message":"{\"method\":\"GET\",\"url\":\"/index.js\",\"status\":\"404\",\"responseTime\":\"2.640\"}","timestamp":"2025-01-06T19:18:33.605Z"}
{"level":"\u001b[32minfo\u001b[39m","message":"{\"method\":\"POST\",\"url\":\"/signup\",\"status\":\"200\",\"responseTime\":\"5.359\"}","timestamp":"2025-01-06T19:20:24.088Z"}
{"level":"\u001b[32minfo\u001b[39m","message":"{\"method\":\"POST\",\"url\":\"/signin\",\"status\":\"401\",\"responseTime\":\"0.723\"}","timestamp":"2025-01-06T19:20:30.810Z"}
{"level":"\u001b[32minfo\u001b[39m","message":"{\"method\":\"POST\",\"url\":\"/signup\",\"status\":\"200\",\"responseTime\":\"1.013\"}","timestamp":"2025-01-06T19:20:42.390Z"}
{"level":"\u001b[32minfo\u001b[39m","message":"{\"method\":\"POST\",\"url\":\"/signin\",\"status\":\"200\",\"responseTime\":\"5.895\"}","timestamp":"2025-01-06T19:20:54.076Z"}
{"level":"\u001b[32minfo\u001b[39m","message":"{\"method\":\"POST\",\"url\":\"/signin\",\"status\":\"200\",\"responseTime\":\"2.350\"}","timestamp":"2025-01-06T19:21:01.364Z"}
{"level":"\u001b[32minfo\u001b[39m","message":"{\"method\":\"POST\",\"url\":\"/signin\",\"status\":\"200\",\"responseTime\":\"1.995\"}","timestamp":"2025-01-06T19:21:07.091Z"}
{"level":"\u001b[32minfo\u001b[39m","message":"{\"method\":\"GET\",\"url\":\"/\",\"status\":\"304\",\"responseTime\":\"1.154\"}","timestamp":"2025-01-06T19:21:34.481Z"}
{"level":"\u001b[32minfo\u001b[39m","message":"{\"method\":\"GET\",\"url\":\"/index.js\",\"status\":\"404\",\"responseTime\":\"0.993\"}","timestamp":"2025-01-06T19:21:34.518Z"}
